<?xml version="1.0" encoding="UTF-8"?>
<robot generator="Robot 6.0.2 (Python 3.11.3 on win32)" generated="20230607 09:16:59.486" rpa="false" schemaversion="3">
<suite id="s1" name="Cadastro-Tarefas" source="C:\QAx\projects\mark85-robot\tests\tarefas\cadastro-tarefas.robot">
<test id="s1-t1" name="Deve marcar uma tarefa como concluída" line="35">
<kw name="get fixture" library="helpers">
<var>${data}</var>
<arg>tasks</arg>
<arg>marcar</arg>
<kw name="Load Json From File" library="JSONLibrary">
<var>${data}</var>
<arg>../../resources/fixtures/${filename}.json</arg>
<arg>encoding=utf-8</arg>
<doc>Load JSON from file.</doc>
<msg timestamp="20230607 09:17:02.519" level="INFO">${data} = {'create': {'user': {'name': 'Maya Oliveira', 'email': 'maya@gmail.com', 'password': 'M123456'}, 'task': {'name': 'Pagar a fatura do cartão de crédito', 'tags': ['BB', 'Bradesco', 'Santander']}}, 'rem...</msg>
<status status="PASS" starttime="20230607 09:17:02.516" endtime="20230607 09:17:02.519"/>
</kw>
<msg timestamp="20230607 09:17:02.519" level="INFO">${data} = {'user': {'name': 'Bia Maia', 'email': 'biamaia@gmail.com', 'password': 'B123456'}, 'task': {'name': 'Criar Treino', 'tags': ['Saque', 'Cruzada', 'Paralela']}, 'task1': {'name': 'Criar Estratégia', 't...</msg>
<status status="PASS" starttime="20230607 09:17:02.516" endtime="20230607 09:17:02.519"/>
</kw>
<kw name="Create new user" library="helpers">
<arg>${data}[user]</arg>
<kw name="Remove User By Email" library="mongo">
<arg>${user}[email]</arg>
<msg timestamp="20230607 09:17:03.431" level="INFO">Removendo o emailbiamaia@gmail.com</msg>
<status status="PASS" starttime="20230607 09:17:02.520" endtime="20230607 09:17:03.431"/>
</kw>
<kw name="Insert User" library="mongo">
<arg>${user}</arg>
<msg timestamp="20230607 09:17:04.554" level="INFO">{'name': 'Bia Maia', 'email': 'biamaia@gmail.com', 'password': b'$2b$14$TF.RrrGIfuupvfBi3WN1n.mr6zTxq9w9aT1PGIwSi7qGADUhF2ZxG', '_id': ObjectId('648075406643056c0b629047')}</msg>
<status status="PASS" starttime="20230607 09:17:03.432" endtime="20230607 09:17:04.555"/>
</kw>
<status status="PASS" starttime="20230607 09:17:02.520" endtime="20230607 09:17:04.555"/>
</kw>
<kw name="Login session" library="base">
<arg>${data}[user]</arg>
<kw name="Start session" library="base">
<kw name="New Browser" library="Browser">
<arg>browser=chromium</arg>
<arg>headless=${false}</arg>
<tag>BrowserControl</tag>
<tag>Setter</tag>
<doc>Create a new playwright Browser with specified options.</doc>
<msg timestamp="20230607 09:17:04.557" level="INFO">{"browser": "chromium", "headless": false, "devtools": false, "handleSIGHUP": true, "handleSIGINT": true, "handleSIGTERM": true, "slowMo": 0.0, "timeout": 30000.0, "deprecated_pos_args": [], "tracesDir": "C:\\QAx\\projects\\mark85-robot\\tests\\tarefas\\login\\browser\\traces\\1049f74b-ef7a-4228-97ab-e7ebe1729b5d"}</msg>
<msg timestamp="20230607 09:17:08.687" level="INFO">Successfully created browser with options: {"browser":"chromium","headless":false,"devtools":false,"handleSIGHUP":true,"handleSIGINT":true,"handleSIGTERM":true,"slowMo":0,"timeout":30000,"deprecated_pos_args":[],"tracesDir":"C:\\QAx\\projects\\mark85-robot\\tests\\tarefas\\login\\browser\\traces\\1049f74b-ef7a-4228-97ab-e7ebe1729b5d"}</msg>
<status status="PASS" starttime="20230607 09:17:04.556" endtime="20230607 09:17:08.687"/>
</kw>
<kw name="New Page" library="Browser">
<arg>http://localhost:3000</arg>
<tag>BrowserControl</tag>
<tag>Setter</tag>
<doc>Open a new Page.</doc>
<msg timestamp="20230607 09:17:12.627" level="INFO">Successfully initialized new page object and opened url: http://localhost:3000</msg>
<msg timestamp="20230607 09:17:12.627" level="INFO">No context was open. New context was automatically opened when this page is created.</msg>
<status status="PASS" starttime="20230607 09:17:08.688" endtime="20230607 09:17:12.627"/>
</kw>
<status status="PASS" starttime="20230607 09:17:04.556" endtime="20230607 09:17:12.627"/>
</kw>
<kw name="Submit Login Form" library="login">
<arg>${user}</arg>
<kw name="Fill Text" library="Browser">
<arg>css=input[name=email]</arg>
<arg>${user}[email]</arg>
<tag>PageContent</tag>
<tag>Setter</tag>
<doc>Clears and fills the given ``txt`` into the text field found by ``selector``.</doc>
<msg timestamp="20230607 09:17:12.628" level="INFO">Fills the text 'biamaia@gmail.com' in the given field.</msg>
<status status="PASS" starttime="20230607 09:17:12.627" endtime="20230607 09:17:12.683"/>
</kw>
<kw name="Fill Text" library="Browser">
<arg>css=input[name=password]</arg>
<arg>${user}[password]</arg>
<tag>PageContent</tag>
<tag>Setter</tag>
<doc>Clears and fills the given ``txt`` into the text field found by ``selector``.</doc>
<msg timestamp="20230607 09:17:12.684" level="INFO">Fills the text 'B123456' in the given field.</msg>
<status status="PASS" starttime="20230607 09:17:12.683" endtime="20230607 09:17:12.705"/>
</kw>
<kw name="Click" library="Browser">
<arg>css=button[type=submit] &gt;&gt; text=Entrar</arg>
<tag>PageContent</tag>
<tag>Setter</tag>
<doc>Simulates mouse click on the element found by ``selector``.</doc>
<status status="PASS" starttime="20230607 09:17:12.705" endtime="20230607 09:17:12.782"/>
</kw>
<status status="PASS" starttime="20230607 09:17:12.627" endtime="20230607 09:17:12.783"/>
</kw>
<kw name="Sleep" library="BuiltIn">
<arg>2</arg>
<doc>Pauses the test executed for the given time.</doc>
<msg timestamp="20230607 09:17:14.783" level="INFO">Slept 2 seconds</msg>
<status status="PASS" starttime="20230607 09:17:12.783" endtime="20230607 09:17:14.783"/>
</kw>
<kw name="User should be logged in" library="nav">
<arg>${user}[name]</arg>
<kw name="Split String" library="String">
<var>@{splited_name}</var>
<arg>${name}</arg>
<doc>Splits the ``string`` using ``separator`` as a delimiter string.</doc>
<msg timestamp="20230607 09:17:14.783" level="INFO">@{splited_name} = [ Bia | Maia ]</msg>
<status status="PASS" starttime="20230607 09:17:14.783" endtime="20230607 09:17:14.783"/>
</kw>
<kw name="Set Variable" library="BuiltIn">
<var>${element}</var>
<arg>css=header small</arg>
<doc>Returns the given values which can then be assigned to a variables.</doc>
<msg timestamp="20230607 09:17:14.784" level="INFO">${element} = css=header small</msg>
<status status="PASS" starttime="20230607 09:17:14.784" endtime="20230607 09:17:14.784"/>
</kw>
<kw name="Log To Console" library="BuiltIn">
<arg>${splited_name}</arg>
<doc>Logs the given message to the console.</doc>
<status status="PASS" starttime="20230607 09:17:14.784" endtime="20230607 09:17:14.784"/>
</kw>
<kw name="Wait For Elements State" library="Browser">
<arg>${element}</arg>
<arg>visible</arg>
<arg>5</arg>
<tag>PageContent</tag>
<tag>Wait</tag>
<doc>Waits for the element found by ``selector`` to satisfy state option.</doc>
<msg timestamp="20230607 09:17:14.796" level="INFO">Waited for Element with selector css=header small at state visible</msg>
<status status="PASS" starttime="20230607 09:17:14.785" endtime="20230607 09:17:14.796"/>
</kw>
<kw name="Get Text" library="Browser">
<arg>${element}</arg>
<arg>equal</arg>
<arg>Olá, ${splited_name}[0]</arg>
<tag>Assertion</tag>
<tag>Getter</tag>
<tag>PageContent</tag>
<doc>Returns text attribute of the element found by ``selector``.</doc>
<msg timestamp="20230607 09:17:14.827" level="INFO">Text: 'Olá, Bia'</msg>
<status status="PASS" starttime="20230607 09:17:14.796" endtime="20230607 09:17:14.827"/>
</kw>
<status status="PASS" starttime="20230607 09:17:14.783" endtime="20230607 09:17:14.827"/>
</kw>
<kw name="Sleep" library="BuiltIn">
<arg>3</arg>
<doc>Pauses the test executed for the given time.</doc>
<msg timestamp="20230607 09:17:17.828" level="INFO">Slept 3 seconds</msg>
<status status="PASS" starttime="20230607 09:17:14.828" endtime="20230607 09:17:17.828"/>
</kw>
<status status="PASS" starttime="20230607 09:17:04.555" endtime="20230607 09:17:17.828"/>
</kw>
<kw name="Go to task form" library="tasks">
<kw name="Click" library="Browser">
<arg>css=a[href="/create"]</arg>
<tag>PageContent</tag>
<tag>Setter</tag>
<doc>Simulates mouse click on the element found by ``selector``.</doc>
<status status="PASS" starttime="20230607 09:17:17.829" endtime="20230607 09:17:17.876"/>
</kw>
<kw name="Wait For Elements State" library="Browser">
<arg>css=h1 &gt;&gt; text=Cadastrar Tarefa</arg>
<arg>visible</arg>
<arg>5</arg>
<tag>PageContent</tag>
<tag>Wait</tag>
<doc>Waits for the element found by ``selector`` to satisfy state option.</doc>
<msg timestamp="20230607 09:17:17.888" level="INFO">Waited for Element with selector css=h1 &gt;&gt; text=Cadastrar Tarefa at state visible</msg>
<status status="PASS" starttime="20230607 09:17:17.877" endtime="20230607 09:17:17.888"/>
</kw>
<status status="PASS" starttime="20230607 09:17:17.829" endtime="20230607 09:17:17.888"/>
</kw>
<kw name="Submit task form" library="tasks">
<arg>${data}[task]</arg>
<kw name="Fill Text" library="Browser">
<arg>css=input[placeholder="Nome da tarefa"]</arg>
<arg>${task}[name]</arg>
<tag>PageContent</tag>
<tag>Setter</tag>
<doc>Clears and fills the given ``txt`` into the text field found by ``selector``.</doc>
<msg timestamp="20230607 09:17:17.889" level="INFO">Fills the text 'Criar Treino' in the given field.</msg>
<status status="PASS" starttime="20230607 09:17:17.889" endtime="20230607 09:17:17.905"/>
</kw>
<for flavor="IN">
<var>${tag}</var>
<value>@{task}[tags]</value>
<iter>
<var name="${tag}">Saque</var>
<kw name="Fill Text" library="Browser">
<arg>css=input[name=tags]</arg>
<arg>${tag}</arg>
<tag>PageContent</tag>
<tag>Setter</tag>
<doc>Clears and fills the given ``txt`` into the text field found by ``selector``.</doc>
<msg timestamp="20230607 09:17:17.906" level="INFO">Fills the text 'Saque' in the given field.</msg>
<status status="PASS" starttime="20230607 09:17:17.906" endtime="20230607 09:17:17.926"/>
</kw>
<kw name="Keyboard Key" library="Browser">
<arg>press</arg>
<arg>Enter</arg>
<tag>PageContent</tag>
<tag>Setter</tag>
<doc>Press a keyboard key on the virtual keyboard or set a key up or down.</doc>
<status status="PASS" starttime="20230607 09:17:17.926" endtime="20230607 09:17:17.947"/>
</kw>
<status status="PASS" starttime="20230607 09:17:17.905" endtime="20230607 09:17:17.947"/>
</iter>
<iter>
<var name="${tag}">Cruzada</var>
<kw name="Fill Text" library="Browser">
<arg>css=input[name=tags]</arg>
<arg>${tag}</arg>
<tag>PageContent</tag>
<tag>Setter</tag>
<doc>Clears and fills the given ``txt`` into the text field found by ``selector``.</doc>
<msg timestamp="20230607 09:17:17.948" level="INFO">Fills the text 'Cruzada' in the given field.</msg>
<status status="PASS" starttime="20230607 09:17:17.948" endtime="20230607 09:17:17.963"/>
</kw>
<kw name="Keyboard Key" library="Browser">
<arg>press</arg>
<arg>Enter</arg>
<tag>PageContent</tag>
<tag>Setter</tag>
<doc>Press a keyboard key on the virtual keyboard or set a key up or down.</doc>
<status status="PASS" starttime="20230607 09:17:17.963" endtime="20230607 09:17:17.970"/>
</kw>
<status status="PASS" starttime="20230607 09:17:17.948" endtime="20230607 09:17:17.970"/>
</iter>
<iter>
<var name="${tag}">Paralela</var>
<kw name="Fill Text" library="Browser">
<arg>css=input[name=tags]</arg>
<arg>${tag}</arg>
<tag>PageContent</tag>
<tag>Setter</tag>
<doc>Clears and fills the given ``txt`` into the text field found by ``selector``.</doc>
<msg timestamp="20230607 09:17:17.971" level="INFO">Fills the text 'Paralela' in the given field.</msg>
<status status="PASS" starttime="20230607 09:17:17.970" endtime="20230607 09:17:17.984"/>
</kw>
<kw name="Keyboard Key" library="Browser">
<arg>press</arg>
<arg>Enter</arg>
<tag>PageContent</tag>
<tag>Setter</tag>
<doc>Press a keyboard key on the virtual keyboard or set a key up or down.</doc>
<status status="PASS" starttime="20230607 09:17:17.984" endtime="20230607 09:17:17.990"/>
</kw>
<status status="PASS" starttime="20230607 09:17:17.970" endtime="20230607 09:17:17.990"/>
</iter>
<status status="PASS" starttime="20230607 09:17:17.905" endtime="20230607 09:17:17.990"/>
</for>
<kw name="Click" library="Browser">
<arg>css=button[type=submit] &gt;&gt; text=Cadastrar</arg>
<tag>PageContent</tag>
<tag>Setter</tag>
<doc>Simulates mouse click on the element found by ``selector``.</doc>
<status status="PASS" starttime="20230607 09:17:17.990" endtime="20230607 09:17:18.041"/>
</kw>
<status status="PASS" starttime="20230607 09:17:17.889" endtime="20230607 09:17:18.042"/>
</kw>
<kw name="Task should be registered" library="tasks">
<arg>${data}[task][name]</arg>
<kw name="Wait For Elements State" library="Browser">
<arg>css=.task-item &gt;&gt; text=${task_name}</arg>
<arg>visible</arg>
<arg>5</arg>
<tag>PageContent</tag>
<tag>Wait</tag>
<doc>Waits for the element found by ``selector`` to satisfy state option.</doc>
<msg timestamp="20230607 09:17:18.871" level="INFO">Waited for Element with selector css=.task-item &gt;&gt; text=Criar Treino at state visible</msg>
<status status="PASS" starttime="20230607 09:17:18.043" endtime="20230607 09:17:18.871"/>
</kw>
<status status="PASS" starttime="20230607 09:17:18.042" endtime="20230607 09:17:18.871"/>
</kw>
<kw name="Go to task form" library="tasks">
<kw name="Click" library="Browser">
<arg>css=a[href="/create"]</arg>
<tag>PageContent</tag>
<tag>Setter</tag>
<doc>Simulates mouse click on the element found by ``selector``.</doc>
<status status="PASS" starttime="20230607 09:17:18.872" endtime="20230607 09:17:18.918"/>
</kw>
<kw name="Wait For Elements State" library="Browser">
<arg>css=h1 &gt;&gt; text=Cadastrar Tarefa</arg>
<arg>visible</arg>
<arg>5</arg>
<tag>PageContent</tag>
<tag>Wait</tag>
<doc>Waits for the element found by ``selector`` to satisfy state option.</doc>
<msg timestamp="20230607 09:17:18.926" level="INFO">Waited for Element with selector css=h1 &gt;&gt; text=Cadastrar Tarefa at state visible</msg>
<status status="PASS" starttime="20230607 09:17:18.918" endtime="20230607 09:17:18.926"/>
</kw>
<status status="PASS" starttime="20230607 09:17:18.871" endtime="20230607 09:17:18.926"/>
</kw>
<kw name="Submit task form" library="tasks">
<arg>${data}[task1]</arg>
<kw name="Fill Text" library="Browser">
<arg>css=input[placeholder="Nome da tarefa"]</arg>
<arg>${task}[name]</arg>
<tag>PageContent</tag>
<tag>Setter</tag>
<doc>Clears and fills the given ``txt`` into the text field found by ``selector``.</doc>
<msg timestamp="20230607 09:17:18.927" level="INFO">Fills the text 'Criar Estratégia' in the given field.</msg>
<status status="PASS" starttime="20230607 09:17:18.927" endtime="20230607 09:17:18.953"/>
</kw>
<for flavor="IN">
<var>${tag}</var>
<value>@{task}[tags]</value>
<iter>
<var name="${tag}">Rede</var>
<kw name="Fill Text" library="Browser">
<arg>css=input[name=tags]</arg>
<arg>${tag}</arg>
<tag>PageContent</tag>
<tag>Setter</tag>
<doc>Clears and fills the given ``txt`` into the text field found by ``selector``.</doc>
<msg timestamp="20230607 09:17:18.954" level="INFO">Fills the text 'Rede' in the given field.</msg>
<status status="PASS" starttime="20230607 09:17:18.954" endtime="20230607 09:17:18.975"/>
</kw>
<kw name="Keyboard Key" library="Browser">
<arg>press</arg>
<arg>Enter</arg>
<tag>PageContent</tag>
<tag>Setter</tag>
<doc>Press a keyboard key on the virtual keyboard or set a key up or down.</doc>
<status status="PASS" starttime="20230607 09:17:18.975" endtime="20230607 09:17:18.983"/>
</kw>
<status status="PASS" starttime="20230607 09:17:18.953" endtime="20230607 09:17:18.983"/>
</iter>
<iter>
<var name="${tag}">Lateral</var>
<kw name="Fill Text" library="Browser">
<arg>css=input[name=tags]</arg>
<arg>${tag}</arg>
<tag>PageContent</tag>
<tag>Setter</tag>
<doc>Clears and fills the given ``txt`` into the text field found by ``selector``.</doc>
<msg timestamp="20230607 09:17:18.984" level="INFO">Fills the text 'Lateral' in the given field.</msg>
<status status="PASS" starttime="20230607 09:17:18.984" endtime="20230607 09:17:19.001"/>
</kw>
<kw name="Keyboard Key" library="Browser">
<arg>press</arg>
<arg>Enter</arg>
<tag>PageContent</tag>
<tag>Setter</tag>
<doc>Press a keyboard key on the virtual keyboard or set a key up or down.</doc>
<status status="PASS" starttime="20230607 09:17:19.001" endtime="20230607 09:17:19.007"/>
</kw>
<status status="PASS" starttime="20230607 09:17:18.983" endtime="20230607 09:17:19.007"/>
</iter>
<iter>
<var name="${tag}">Fundo Quadra</var>
<kw name="Fill Text" library="Browser">
<arg>css=input[name=tags]</arg>
<arg>${tag}</arg>
<tag>PageContent</tag>
<tag>Setter</tag>
<doc>Clears and fills the given ``txt`` into the text field found by ``selector``.</doc>
<msg timestamp="20230607 09:17:19.007" level="INFO">Fills the text 'Fundo Quadra' in the given field.</msg>
<status status="PASS" starttime="20230607 09:17:19.007" endtime="20230607 09:17:19.021"/>
</kw>
<kw name="Keyboard Key" library="Browser">
<arg>press</arg>
<arg>Enter</arg>
<tag>PageContent</tag>
<tag>Setter</tag>
<doc>Press a keyboard key on the virtual keyboard or set a key up or down.</doc>
<status status="PASS" starttime="20230607 09:17:19.021" endtime="20230607 09:17:19.029"/>
</kw>
<status status="PASS" starttime="20230607 09:17:19.007" endtime="20230607 09:17:19.029"/>
</iter>
<status status="PASS" starttime="20230607 09:17:18.953" endtime="20230607 09:17:19.029"/>
</for>
<kw name="Click" library="Browser">
<arg>css=button[type=submit] &gt;&gt; text=Cadastrar</arg>
<tag>PageContent</tag>
<tag>Setter</tag>
<doc>Simulates mouse click on the element found by ``selector``.</doc>
<status status="PASS" starttime="20230607 09:17:19.030" endtime="20230607 09:17:19.074"/>
</kw>
<status status="PASS" starttime="20230607 09:17:18.926" endtime="20230607 09:17:19.074"/>
</kw>
<kw name="Task should be registered" library="tasks">
<arg>${data}[task1][name]</arg>
<kw name="Wait For Elements State" library="Browser">
<arg>css=.task-item &gt;&gt; text=${task_name}</arg>
<arg>visible</arg>
<arg>5</arg>
<tag>PageContent</tag>
<tag>Wait</tag>
<doc>Waits for the element found by ``selector`` to satisfy state option.</doc>
<msg timestamp="20230607 09:17:19.924" level="INFO">Waited for Element with selector css=.task-item &gt;&gt; text=Criar Estratégia at state visible</msg>
<status status="PASS" starttime="20230607 09:17:19.075" endtime="20230607 09:17:19.924"/>
</kw>
<status status="PASS" starttime="20230607 09:17:19.074" endtime="20230607 09:17:19.924"/>
</kw>
<kw name="Marcar Task" library="tasks">
<arg>${data}[task][name]</arg>
<kw name="Click" library="Browser">
<arg>xpath=//strong[text()="${task_name}"]/..//button[@class="item-toggle"]</arg>
<tag>PageContent</tag>
<tag>Setter</tag>
<doc>Simulates mouse click on the element found by ``selector``.</doc>
<status status="PASS" starttime="20230607 09:17:19.925" endtime="20230607 09:17:19.953"/>
</kw>
<kw name="Wait For Elements State" library="Browser">
<arg>//strong[text()="${task_name}"]/..//button[@class="item-toggle-selected"]</arg>
<arg>visible</arg>
<arg>5</arg>
<tag>PageContent</tag>
<tag>Wait</tag>
<doc>Waits for the element found by ``selector`` to satisfy state option.</doc>
<msg timestamp="20230607 09:17:20.789" level="INFO">Waited for Element with selector //strong[text()="Criar Treino"]/..//button[@class="item-toggle-selected"] at state visible</msg>
<status status="PASS" starttime="20230607 09:17:19.953" endtime="20230607 09:17:20.789"/>
</kw>
<status status="PASS" starttime="20230607 09:17:19.925" endtime="20230607 09:17:20.789"/>
</kw>
<kw name="Sleep" library="BuiltIn">
<arg>5</arg>
<doc>Pauses the test executed for the given time.</doc>
<msg timestamp="20230607 09:17:25.791" level="INFO">Slept 5 seconds</msg>
<status status="PASS" starttime="20230607 09:17:20.790" endtime="20230607 09:17:25.791"/>
</kw>
<tag>marcar</tag>
<status status="PASS" starttime="20230607 09:17:02.513" endtime="20230607 09:17:25.791"/>
</test>
<doc>Cadastro de Tarefas</doc>
<status status="PASS" starttime="20230607 09:16:59.494" endtime="20230607 09:17:25.863"/>
</suite>
<statistics>
<total>
<stat pass="1" fail="0" skip="0">All Tests</stat>
</total>
<tag>
<stat pass="1" fail="0" skip="0">marcar</stat>
</tag>
<suite>
<stat pass="1" fail="0" skip="0" id="s1" name="Cadastro-Tarefas">Cadastro-Tarefas</stat>
</suite>
</statistics>
<errors>
</errors>
</robot>
